=== ERREUR MONGODB [2026-06-13T10:11:50.951Z] ===
Message: querySrv ECONNREFUSED _mongodb._tcp.cluster0.ztysiik.mongodb.net
Code: ECONNREFUSED
Errno: undefined
Syscall: querySrv
Hostname: _mongodb._tcp.cluster0.ztysiik.mongodb.net
Stack: Error: querySrv ECONNREFUSED _mongodb._tcp.cluster0.ztysiik.mongodb.net
    at QueryReqWrap.onresolve [as oncomplete] (node:internal/dns/promises:294:17)

--- Infos réseau ---
Hostname: DESKTOP-5UQSEC0
Platform: win32
Network interfaces:
  Wi-Fi: 192.168.10.209
  Loopback Pseudo-Interface 1: 127.0.0.1

--- URI utilisée (masquée) ---
URI: mongodb+srv://USER:PASSWORD@cluster0.ztysiik.mongodb.net/?appName=Cluster0

================================
=== ERREUR MONGODB [2026-06-13T11:15:09.601Z] ===
Message: querySrv ECONNREFUSED _mongodb._tcp.cluster0.ztysiik.mongodb.net
Code: ECONNREFUSED
Errno: undefined
Syscall: querySrv
Hostname: _mongodb._tcp.cluster0.ztysiik.mongodb.net
Stack: Error: querySrv ECONNREFUSED _mongodb._tcp.cluster0.ztysiik.mongodb.net
    at QueryReqWrap.onresolve [as oncomplete] (node:internal/dns/promises:294:17)

--- Infos réseau ---
Hostname: DESKTOP-5UQSEC0
Platform: win32
Network interfaces:
  Wi-Fi: 192.168.10.209
  Loopback Pseudo-Interface 1: 127.0.0.1

--- URI utilisée (masquée) ---
URI: mongodb+srv://USER:PASSWORD@cluster0.ztysiik.mongodb.net/?appName=Cluster0

================================
=== ERREUR MONGODB [2026-06-13T15:54:11.866Z] ===
Message: querySrv ECONNREFUSED _mongodb._tcp.cluster0.ztysiik.mongodb.net
Code: ECONNREFUSED
Errno: undefined
Syscall: querySrv
Hostname: _mongodb._tcp.cluster0.ztysiik.mongodb.net
Stack: Error: querySrv ECONNREFUSED _mongodb._tcp.cluster0.ztysiik.mongodb.net
    at QueryReqWrap.onresolve [as oncomplete] (node:internal/dns/promises:294:17)

--- Infos réseau ---
Hostname: DESKTOP-5UQSEC0
Platform: win32
Network interfaces:
  Wi-Fi: 192.168.236.209
  Loopback Pseudo-Interface 1: 127.0.0.1

--- URI utilisée (masquée) ---
URI: mongodb+srv://USER:PASSWORD@cluster0.ztysiik.mongodb.net/?appName=Cluster0

================================
=== ERREUR MONGODB [2026-06-13T16:04:19.179Z] ===
Message: querySrv ECONNREFUSED _mongodb._tcp.cluster0.ztysiik.mongodb.net
Code: ECONNREFUSED
Errno: undefined
Syscall: querySrv
Hostname: _mongodb._tcp.cluster0.ztysiik.mongodb.net
Stack: Error: querySrv ECONNREFUSED _mongodb._tcp.cluster0.ztysiik.mongodb.net
    at QueryReqWrap.onresolve [as oncomplete] (node:internal/dns/promises:294:17)

--- Infos réseau ---
Hostname: DESKTOP-5UQSEC0
Platform: win32
Network interfaces:
  Wi-Fi: 192.168.236.209
  Loopback Pseudo-Interface 1: 127.0.0.1

--- URI utilisée (masquée) ---
URI: mongodb+srv://USER:PASSWORD@cluster0.ztysiik.mongodb.net/?appName=Cluster0

================================
=== ERREUR MONGODB [2026-06-13T16:04:24.687Z] ===
Message: querySrv ECONNREFUSED _mongodb._tcp.cluster0.ztysiik.mongodb.net
Code: ECONNREFUSED
Errno: undefined
Syscall: querySrv
Hostname: _mongodb._tcp.cluster0.ztysiik.mongodb.net
Stack: Error: querySrv ECONNREFUSED _mongodb._tcp.cluster0.ztysiik.mongodb.net
    at QueryReqWrap.onresolve [as oncomplete] (node:internal/dns/promises:294:17)

--- Infos réseau ---
Hostname: DESKTOP-5UQSEC0
Platform: win32
Network interfaces:
  Wi-Fi: 192.168.236.209
  Loopback Pseudo-Interface 1: 127.0.0.1

--- URI utilisée (masquée) ---
URI: mongodb+srv://USER:PASSWORD@cluster0.ztysiik.mongodb.net/?appName=Cluster0

================================
=== ERREUR MONGODB [2026-06-13T16:05:41.448Z] ===
Message: querySrv ECONNREFUSED _mongodb._tcp.cluster0.ztysiik.mongodb.net
Code: ECONNREFUSED
Errno: undefined
Syscall: querySrv
Hostname: _mongodb._tcp.cluster0.ztysiik.mongodb.net
Stack: Error: querySrv ECONNREFUSED _mongodb._tcp.cluster0.ztysiik.mongodb.net
    at QueryReqWrap.onresolve [as oncomplete] (node:internal/dns/promises:294:17)

--- Infos réseau ---
Hostname: DESKTOP-5UQSEC0
Platform: win32
Network interfaces:
  Wi-Fi: 192.168.236.209
  Loopback Pseudo-Interface 1: 127.0.0.1

--- URI utilisée (masquée) ---
URI: mongodb+srv://USER:PASSWORD@cluster0.ztysiik.mongodb.net/?appName=Cluster0

================================
=== ERREUR MONGODB [2026-06-13T16:17:52.162Z] ===
Message: querySrv ECONNREFUSED _mongodb._tcp.cluster0.ztysiik.mongodb.net
Code: ECONNREFUSED
Errno: undefined
Syscall: querySrv
Hostname: _mongodb._tcp.cluster0.ztysiik.mongodb.net
Stack: Error: querySrv ECONNREFUSED _mongodb._tcp.cluster0.ztysiik.mongodb.net
    at QueryReqWrap.onresolve [as oncomplete] (node:internal/dns/promises:294:17)

--- Infos réseau ---
Hostname: DESKTOP-5UQSEC0
Platform: win32
Network interfaces:
  Wi-Fi: 192.168.236.209
  Loopback Pseudo-Interface 1: 127.0.0.1

--- URI utilisée (masquée) ---
URI: mongodb+srv://USER:PASSWORD@cluster0.ztysiik.mongodb.net/?appName=Cluster0

================================
=== ERREUR MONGODB [2026-06-13T16:28:10.383Z] ===
Message: querySrv ECONNREFUSED _mongodb._tcp.cluster0.ztysiik.mongodb.net
Code: ECONNREFUSED
Errno: undefined
Syscall: querySrv
Hostname: _mongodb._tcp.cluster0.ztysiik.mongodb.net
Stack: Error: querySrv ECONNREFUSED _mongodb._tcp.cluster0.ztysiik.mongodb.net
    at QueryReqWrap.onresolve [as oncomplete] (node:internal/dns/promises:294:17)

--- Infos réseau ---
Hostname: DESKTOP-5UQSEC0
Platform: win32
Network interfaces:
  Wi-Fi: 192.168.236.209
  Loopback Pseudo-Interface 1: 127.0.0.1

--- URI utilisée (masquée) ---
URI: mongodb+srv://USER:PASSWORD@cluster0.ztysiik.mongodb.net/?appName=Cluster0

================================
=== ERREUR MONGODB [2026-06-13T16:44:14.109Z] ===
Message: querySrv ECONNREFUSED _mongodb._tcp.cluster0.ztysiik.mongodb.net
Code: ECONNREFUSED
Errno: undefined
Syscall: querySrv
Hostname: _mongodb._tcp.cluster0.ztysiik.mongodb.net
Stack: Error: querySrv ECONNREFUSED _mongodb._tcp.cluster0.ztysiik.mongodb.net
    at QueryReqWrap.onresolve [as oncomplete] (node:internal/dns/promises:294:17)

--- Infos réseau ---
Hostname: DESKTOP-5UQSEC0
Platform: win32
Network interfaces:
  Wi-Fi: 192.168.236.209
  Loopback Pseudo-Interface 1: 127.0.0.1

--- URI utilisée (masquée) ---
URI: mongodb+srv://USER:PASSWORD@cluster0.ztysiik.mongodb.net/?appName=Cluster0

================================
=== ERREUR MONGODB [2026-06-13T17:15:35.077Z] ===
Message: querySrv ECONNREFUSED _mongodb._tcp.cluster0.ztysiik.mongodb.net
Code: ECONNREFUSED
Errno: undefined
Syscall: querySrv
Hostname: _mongodb._tcp.cluster0.ztysiik.mongodb.net
Stack: Error: querySrv ECONNREFUSED _mongodb._tcp.cluster0.ztysiik.mongodb.net
    at QueryReqWrap.onresolve [as oncomplete] (node:internal/dns/promises:294:17)

--- Infos réseau ---
Hostname: DESKTOP-5UQSEC0
Platform: win32
Network interfaces:
  Wi-Fi: 192.168.236.209
  Loopback Pseudo-Interface 1: 127.0.0.1

--- URI utilisée (masquée) ---
URI: mongodb+srv://USER:PASSWORD@cluster0.ztysiik.mongodb.net/?appName=Cluster0

================================
=== ERREUR MONGODB [2026-06-13T17:27:25.705Z] ===
Message: querySrv ECONNREFUSED _mongodb._tcp.cluster0.ztysiik.mongodb.net
Code: ECONNREFUSED
Errno: undefined
Syscall: querySrv
Hostname: _mongodb._tcp.cluster0.ztysiik.mongodb.net
Stack: Error: querySrv ECONNREFUSED _mongodb._tcp.cluster0.ztysiik.mongodb.net
    at QueryReqWrap.onresolve [as oncomplete] (node:internal/dns/promises:294:17)

--- Infos réseau ---
Hostname: DESKTOP-5UQSEC0
Platform: win32
Network interfaces:
  Wi-Fi: 192.168.236.209
  Loopback Pseudo-Interface 1: 127.0.0.1

--- URI utilisée (masquée) ---
URI: mongodb+srv://USER:PASSWORD@cluster0.ztysiik.mongodb.net/?appName=Cluster0

================================
=== ERREUR MONGODB [2026-06-13T18:21:09.548Z] ===
Message: querySrv ECONNREFUSED _mongodb._tcp.cluster0.ztysiik.mongodb.net
Code: ECONNREFUSED
Errno: undefined
Syscall: querySrv
Hostname: _mongodb._tcp.cluster0.ztysiik.mongodb.net
Stack: Error: querySrv ECONNREFUSED _mongodb._tcp.cluster0.ztysiik.mongodb.net
    at QueryReqWrap.onresolve [as oncomplete] (node:internal/dns/promises:294:17)

--- Infos réseau ---
Hostname: DESKTOP-5UQSEC0
Platform: win32
Network interfaces:
  Wi-Fi: 192.168.236.209
  Loopback Pseudo-Interface 1: 127.0.0.1

--- URI utilisée (masquée) ---
URI: mongodb+srv://USER:PASSWORD@cluster0.ztysiik.mongodb.net/?appName=Cluster0

================================
=== ERREUR MONGODB [2026-06-13T18:44:01.162Z] ===
Message: querySrv ECONNREFUSED _mongodb._tcp.cluster0.ztysiik.mongodb.net
Code: ECONNREFUSED
Errno: undefined
Syscall: querySrv
Hostname: _mongodb._tcp.cluster0.ztysiik.mongodb.net
Stack: Error: querySrv ECONNREFUSED _mongodb._tcp.cluster0.ztysiik.mongodb.net
    at QueryReqWrap.onresolve [as oncomplete] (node:internal/dns/promises:294:17)

--- Infos réseau ---
Hostname: DESKTOP-5UQSEC0
Platform: win32
Network interfaces:
  Wi-Fi: 192.168.236.209
  Loopback Pseudo-Interface 1: 127.0.0.1

--- URI utilisée (masquée) ---
URI: mongodb+srv://USER:PASSWORD@cluster0.ztysiik.mongodb.net/?appName=Cluster0

================================
