=== ERREUR MONGODB [2026-07-02T08:04:48.344Z] ===
Message: querySrv ECONNREFUSED _mongodb._tcp.cluster0.ztysiik.mongodb.net
Code: ECONNREFUSED
Errno: undefined
Syscall: querySrv
Hostname: _mongodb._tcp.cluster0.ztysiik.mongodb.net
Stack: Error: querySrv ECONNREFUSED _mongodb._tcp.cluster0.ztysiik.mongodb.net
    at QueryReqWrap.onresolve [as oncomplete] (node:internal/dns/promises:294:17)

--- Infos réseau ---
Hostname: DESKTOP-5UQSEC0
Platform: win32
Network interfaces:
  Wi-Fi: 192.168.94.209
  Loopback Pseudo-Interface 1: 127.0.0.1

--- URI utilisée (masquée) ---
URI: mongodb+srv://USER:PASSWORD@cluster0.ztysiik.mongodb.net/?appName=Cluster0

================================
=== ERREUR MONGODB [2026-07-02T08:54:24.470Z] ===
Message: querySrv ECONNREFUSED _mongodb._tcp.cluster0.ztysiik.mongodb.net
Code: ECONNREFUSED
Errno: undefined
Syscall: querySrv
Hostname: _mongodb._tcp.cluster0.ztysiik.mongodb.net
Stack: Error: querySrv ECONNREFUSED _mongodb._tcp.cluster0.ztysiik.mongodb.net
    at QueryReqWrap.onresolve [as oncomplete] (node:internal/dns/promises:294:17)

--- Infos réseau ---
Hostname: DESKTOP-5UQSEC0
Platform: win32
Network interfaces:
  Wi-Fi: 192.168.94.209
  Loopback Pseudo-Interface 1: 127.0.0.1

--- URI utilisée (masquée) ---
URI: mongodb+srv://USER:PASSWORD@cluster0.ztysiik.mongodb.net/?appName=Cluster0

================================
=== ERREUR MONGODB [2026-07-02T09:18:48.820Z] ===
Message: Could not connect to any servers in your MongoDB Atlas cluster. One common reason is that you're trying to access the database from an IP that isn't whitelisted. Make sure your current IP address is on your Atlas cluster's IP whitelist: https://www.mongodb.com/docs/atlas/security-whitelist/
Code: undefined
Errno: undefined
Syscall: undefined
Hostname: undefined
Stack: MongooseServerSelectionError: Could not connect to any servers in your MongoDB Atlas cluster. One common reason is that you're trying to access the database from an IP that isn't whitelisted. Make sure your current IP address is on your Atlas cluster's IP whitelist: https://www.mongodb.com/docs/atlas/security-whitelist/
    at _handleConnectionErrors (C:\Users\Hp\waste-management-app\server\node_modules\mongoose\lib\connection.js:1180:11)
    at NativeConnection.openUri (C:\Users\Hp\waste-management-app\server\node_modules\mongoose\lib\connection.js:1111:11)
    at async connectDatabase (C:\Users\Hp\waste-management-app\server\utils\database.js:15:5)
    at async start (C:\Users\Hp\waste-management-app\server\index.js:112:3)

--- Infos réseau ---
Hostname: DESKTOP-5UQSEC0
Platform: win32
Network interfaces:
  Wi-Fi: 192.168.94.209
  Loopback Pseudo-Interface 1: 127.0.0.1

--- URI utilisée (masquée) ---
URI: mongodb://USER:PASSWORD@ac-xytj5z2-shard-00-00.ztysiik.mongodb.net:27017,ac-xytj5z2-shard-00-01.ztysiik.mongodb.net:27017,ac-xytj5z2-shard-00-02.ztysiik.mongodb.net:27017/?ssl=true&replicaSet=atlas-q29x8p-shard-0&authSource=admin&appName=Cluster0

================================
